[debug] [2026-06-12T19:19:43.271Z] ----------------------------------------------------------------------
[debug] [2026-06-12T19:19:43.275Z] Command:       /usr/bin/node /home/nanta/.bun/bin/firebase init
[debug] [2026-06-12T19:19:43.276Z] CLI Version:   15.20.0
[debug] [2026-06-12T19:19:43.276Z] Platform:      linux
[debug] [2026-06-12T19:19:43.276Z] Node Version:  v26.1.0
[debug] [2026-06-12T19:19:43.276Z] Time:          Fri Jun 12 2026 22:19:43 GMT+0300 (East Africa Time)
[debug] [2026-06-12T19:19:43.277Z] ----------------------------------------------------------------------
[debug] 
[info] 
     ######## #### ########  ######## ########     ###     ######  ########
     ##        ##  ##     ## ##       ##     ##  ##   ##  ##       ##
     ######    ##  ########  ######   ########  #########  ######  ######
     ##        ##  ##    ##  ##       ##     ## ##     ##       ## ##
     ##       #### ##     ## ######## ########  ##     ##  ######  ########

You're about to initialize a Firebase project in this directory:

  /mnt/data/home_nanta/Project/TradeJournal

Before we get started, keep in mind:

  * You are currently outside your home directory

[debug] [2026-06-12T19:20:21.311Z] ExitPromptError: User force closed the prompt with SIGINT
    at Interface.sigint (/home/nanta/.bun/install/global/node_modules/@inquirer/core/dist/commonjs/lib/create-prompt.js:101:37)
    at Interface.emit (node:events:509:20)
    at [_ttyWrite] [as _ttyWrite] (node:internal/readline/interface:1327:18)
    at ReadStream.onkeypress (node:internal/readline/interface:284:20)
    at ReadStream.emit (node:events:521:24)
    at emitKeys (node:internal/readline/utils:371:14)
    at emitKeys.next (<anonymous>)
    at ReadStream.onData (node:internal/readline/emitKeypressEvents:64:36)
    at ReadStream.emit (node:events:509:20)
    at addChunk (node:internal/streams/readable:568:12)
[error] 
[error] Error: An unexpected error has occurred.
